
SQL*Loader: Release 11.2.0.1.0 - Production on 土 8月 6 15:28:33 2016

Copyright (c) 1982, 2009, Oracle and/or its affiliates.  All rights reserved.

制御ファイル:    D:\doc\技術\SQL-Loader\load.ctl
データファイルD:\doc\技術\SQL-Loader\load.csv
  不良ファイル:  D:\doc\技術\SQL-Loader\load.bad
  廃棄ファイル:  指定なし

 (すべて廃棄できます)

ロード数: ALL
スキップ数: 0
許容エラー数: 50
バインド配列:    64行、最大256000バイト
継続文字:    指定なし
使用パス:      従来型

表LOAD_TEMP、 ロード済 すべての論理レコードから
この表に対する有効な挿入オプション: APPEND

   Column Name                  Position   Len  Term Encl Datatype
------------------------------ ---------- ----- ---- ---- ---------------------
C_01                               FIRST    *  , O(")CHARACTER            
C_02                                NEXT    *  , O(")CHARACTER            
C_03                                NEXT    *  , O(")CHARACTER            
C_04                                NEXT    *  , O(")CHARACTER            
C_05                                NEXT    *  , O(")CHARACTER            


表LOAD_TEMP:
  3行のロードに成功しました。
  0行はデータ・エラーのためロードされませんでした。
  0行はWHEN句のエラーのためロードされませんでした。
  0行はすべてのフィールドがNULLのためロードされませんでした。

バインド配列に割り当てられた領域:    82560バイト(64行)
読取りバッファのバイト数:  1048576

スキップされた論理レコードの合計:           0
読み込まれた論理レコードの合計:             3
拒否された論理レコードの合計:               0
廃棄された論理レコードの合計:        0

実行開始土 8月  06 15:28:33 2016
実行終了土 8月  06 15:28:33 2016

実行時間:        00: 00: 00.04
CPU時間 :        00: 00: 00.03
